<?xml version="1.0" encoding="UTF-8"?>
<!-- Generated by org.testng.reporters.JUnitReportReporter -->
<testsuite hostname="DESKTOP-1V7FFQ0" name="testingExamples.Exp_WD_Testing1" tests="1" failures="0" timestamp="14 Oct 2020 02:04:48 GMT" time="3.557" errors="0">
  <testcase name="login" time="3.557" classname="testingExamples.Exp_WD_Testing1"/>
</testsuite>
