<?xml version="1.0" encoding="UTF-8"?>
<!-- Generated by org.testng.reporters.JUnitReportReporter -->
<testsuite hostname="DESKTOP-1V7FFQ0" name="testingExamples.ExampleForTestNgAnnonations1" tests="2" failures="0" timestamp="14 Oct 2020 04:12:57 GMT" time="0.013" errors="0">
  <testcase name="delemp" time="0.004" classname="testingExamples.ExampleForTestNgAnnonations1"/>
  <testcase name="addemp" time="0.009" classname="testingExamples.ExampleForTestNgAnnonations1"/>
</testsuite>
