<?xml version="1.0" encoding="UTF-8"?>
<!-- Generated by org.testng.reporters.JUnitReportReporter -->
<testsuite hostname="DESKTOP-1V7FFQ0" name="testingExamples.Exp_WD_Testing" tests="1" failures="0" timestamp="13 Oct 2020 13:34:01 GMT" time="3.467" errors="0">
  <testcase name="tc001" time="3.467" classname="testingExamples.Exp_WD_Testing"/>
</testsuite>
