<?xml version="1.0" encoding="UTF-8"?>
<!-- Generated by org.testng.reporters.JUnitReportReporter -->
<testsuite hostname="DESKTOP-1V7FFQ0" name="testingExamples.ExampleForTestNgAnnotations" tests="2" failures="0" timestamp="11 Oct 2020 11:35:45 GMT" time="0.008" errors="0">
  <testcase name="deleteemp" time="0.006" classname="testingExamples.ExampleForTestNgAnnotations"/>
  <testcase name="Addemp" time="0.002" classname="testingExamples.ExampleForTestNgAnnotations"/>
</testsuite>
