<?xml version="1.0" encoding="UTF-8"?>
<!-- Generated by org.testng.reporters.JUnitReportReporter -->
<testsuite hostname="DESKTOP-1V7FFQ0" name="testingExamples.CapScreenShot" tests="1" failures="0" timestamp="14 Oct 2020 04:13:27 GMT" time="10.232" errors="0">
  <testcase name="screenshot" time="10.232" classname="testingExamples.CapScreenShot"/>
</testsuite>
