<?xml version="1.0" encoding="UTF-8"?>
<!-- Generated by org.testng.reporters.JUnitReportReporter -->
<testsuite hostname="DESKTOP-1V7FFQ0" name="testingExamples.EXP_testing" tests="2" failures="0" timestamp="13 Oct 2020 13:51:02 GMT" time="0.010" errors="0">
  <testcase name="addemp" time="0.008" classname="testingExamples.EXP_testing"/>
  <testcase name="deleemp" time="0.002" classname="testingExamples.EXP_testing"/>
</testsuite>
